* installing *source* package 'gmat' ...
** libs

*** arch - i386
d:/Compiler/gcc-4.9.3/mingw_32/bin/gcc  -I"D:/RCompile/recent/R/include" -DNDEBUG     -I"d:/Compiler/gcc-4.9.3/local330/include"     -pedantic -O3 -Wall  -std=gnu99 -mtune=core2 -c gmat_init.c -o gmat_init.o
d:/Compiler/gcc-4.9.3/mingw_32/bin/gcc  -I"D:/RCompile/recent/R/include" -DNDEBUG     -I"d:/Compiler/gcc-4.9.3/local330/include"     -pedantic -O3 -Wall  -std=gnu99 -mtune=core2 -c gmn_sampling.c -o gmn_sampling.o
gmn_sampling.c: In function 'proj_ort':
gmn_sampling.c:135:22: warning: unused variable 'j' [-Wunused-variable]
  unsigned int i = 0, j = 0;
                      ^
d:/Compiler/gcc-4.9.3/mingw_32/bin/gcc -shared -s -static-libgcc -o gmat.dll tmp.def gmat_init.o gmn_sampling.o -Ld:/Compiler/gcc-4.9.3/local330/lib/i386 -Ld:/Compiler/gcc-4.9.3/local330/lib -LD:/RCompile/recent/R/bin/i386 -lR
installing to d:/RCompile/CRANguest/R-devel/lib/gmat/libs/i386

*** arch - x64
d:/Compiler/gcc-4.9.3/mingw_64/bin/gcc -m64 -I"D:/RCompile/recent/R/include" -DNDEBUG     -I"d:/Compiler/gcc-4.9.3/local330/include"     -pedantic -O2 -Wall  -std=gnu99 -mtune=core2 -c gmat_init.c -o gmat_init.o
d:/Compiler/gcc-4.9.3/mingw_64/bin/gcc -m64 -I"D:/RCompile/recent/R/include" -DNDEBUG     -I"d:/Compiler/gcc-4.9.3/local330/include"     -pedantic -O2 -Wall  -std=gnu99 -mtune=core2 -c gmn_sampling.c -o gmn_sampling.o
gmn_sampling.c: In function 'proj_ort':
gmn_sampling.c:135:22: warning: unused variable 'j' [-Wunused-variable]
  unsigned int i = 0, j = 0;
                      ^
d:/Compiler/gcc-4.9.3/mingw_64/bin/gcc -m64 -shared -s -static-libgcc -o gmat.dll tmp.def gmat_init.o gmn_sampling.o -Ld:/Compiler/gcc-4.9.3/local330/lib/x64 -Ld:/Compiler/gcc-4.9.3/local330/lib -LD:/RCompile/recent/R/bin/x64 -lR
installing to d:/RCompile/CRANguest/R-devel/lib/gmat/libs/x64
** R
** byte-compile and prepare package for lazy loading
** help
*** installing help indices
** building package indices
** testing if installed package can be loaded
*** arch - i386
*** arch - x64
* MD5 sums
packaged installation of 'gmat' as gmat_0.1.0.zip
* DONE (gmat)
In R CMD INSTALL
